<?xml version="1.0" encoding="UTF-8"?>
<testsuite name="it.unisa.carseller.CarSellerTest" tests="5" skipped="0" failures="0" errors="0" timestamp="2022-11-22T17:04:39" hostname="MacBook-Air-2.local" time="0.03">
  <properties/>
  <testcase name="returnCarByBrandAModelYearAndPriceTest" classname="it.unisa.carseller.CarSellerTest" time="0.011"/>
  <testcase name="writeUserDataToFileTest" classname="it.unisa.carseller.CarSellerTest" time="0.005"/>
  <testcase name="returnCarByBrandAndModelTest" classname="it.unisa.carseller.CarSellerTest" time="0.001"/>
  <testcase name="writeSerializedDataToFileTest" classname="it.unisa.carseller.CarSellerTest" time="0.009"/>
  <testcase name="returnCarByBrandModelAndYearTest" classname="it.unisa.carseller.CarSellerTest" time="0.001"/>
  <system-out><![CDATA[]]></system-out>
  <system-err><![CDATA[]]></system-err>
</testsuite>
