<?xml version="1.0" encoding="UTF-8"?>
<testsuite name="it.unisa.supermarket.ProductTest" tests="2" skipped="0" failures="0" errors="0" timestamp="2022-11-12T21:40:35" hostname="MacBook-Air.local" time="0.001">
  <properties/>
  <testcase name="putOnSale" classname="it.unisa.supermarket.ProductTest" time="0.001"/>
  <testcase name="checkOnSale" classname="it.unisa.supermarket.ProductTest" time="0.0"/>
  <system-out><![CDATA[]]></system-out>
  <system-err><![CDATA[]]></system-err>
</testsuite>
