<?xml version="1.0" encoding="UTF-8"?>
<testsuite name="it.unisa.school.PersonTest" tests="1" skipped="0" failures="0" errors="0" timestamp="2022-10-31T11:10:20" hostname="MacBook-Air.local" time="0.019">
  <properties/>
  <testcase name="testToString" classname="it.unisa.school.PersonTest" time="0.019"/>
  <system-out><![CDATA[]]></system-out>
  <system-err><![CDATA[]]></system-err>
</testsuite>
