<?xml version="1.0" encoding="UTF-8"?>
<testsuite name="it.unisa.bank.BankTest" tests="11" skipped="0" failures="0" errors="0" timestamp="2022-11-23T13:34:10" hostname="DESKTOP-5GIO2HR" time="0.018">
  <properties/>
  <testcase name="transferTest" classname="it.unisa.bank.BankTest" time="0.002"/>
  <testcase name="findAccountTest" classname="it.unisa.bank.BankTest" time="0.0"/>
  <testcase name="setAndGetInterestsTest" classname="it.unisa.bank.BankTest" time="0.0"/>
  <testcase name="writeUserDataToFileTest" classname="it.unisa.bank.BankTest" time="0.01"/>
  <testcase name="interestComputationTest" classname="it.unisa.bank.BankTest" time="0.0"/>
  <testcase name="depositTest" classname="it.unisa.bank.BankTest" time="0.0"/>
  <testcase name="illegalWithdrawTest" classname="it.unisa.bank.BankTest" time="0.0"/>
  <testcase name="illegalDepositTest" classname="it.unisa.bank.BankTest" time="0.0"/>
  <testcase name="writeSerializedDataToFileTest" classname="it.unisa.bank.BankTest" time="0.004"/>
  <testcase name="bankAccountWithNegativeBalanceTest" classname="it.unisa.bank.BankTest" time="0.001"/>
  <testcase name="withdrawTest" classname="it.unisa.bank.BankTest" time="0.0"/>
  <system-out><![CDATA[]]></system-out>
  <system-err><![CDATA[]]></system-err>
</testsuite>
