<?xml version="1.0" encoding="UTF-8"?>
<testsuite name="it.unisa.financialhistory.FinancialHistoryTest" tests="5" skipped="0" failures="0" errors="0" timestamp="2022-11-15T16:13:32" hostname="MacBook-Air-2.local" time="0.007">
  <properties/>
  <testcase name="totalSpentFor" classname="it.unisa.financialhistory.FinancialHistoryTest" time="0.002"/>
  <testcase name="totalReceivedFrom" classname="it.unisa.financialhistory.FinancialHistoryTest" time="0.0"/>
  <testcase name="receiveFromTest" classname="it.unisa.financialhistory.FinancialHistoryTest" time="0.001"/>
  <testcase name="createAccountWithNegativeBalanceTest" classname="it.unisa.financialhistory.FinancialHistoryTest" time="0.001"/>
  <testcase name="spendForTest" classname="it.unisa.financialhistory.FinancialHistoryTest" time="0.0"/>
  <system-out><![CDATA[]]></system-out>
  <system-err><![CDATA[]]></system-err>
</testsuite>
