<?xml version="1.0" encoding="UTF-8"?>
<testsuite name="it.unisa.country.DataSetTest" tests="2" skipped="0" failures="0" errors="0" timestamp="2022-10-25T22:50:35" hostname="MacBook-Air-4.local" time="0.003">
  <properties/>
  <testcase name="testMaximum" classname="it.unisa.country.DataSetTest" time="0.003"/>
  <testcase name="testMinimum" classname="it.unisa.country.DataSetTest" time="0.0"/>
  <system-out><![CDATA[]]></system-out>
  <system-err><![CDATA[]]></system-err>
</testsuite>
