<?xml version="1.0" encoding="UTF-8"?>
<testsuite name="it.unisa.school.ProfessorTest" tests="1" skipped="0" failures="0" errors="0" timestamp="2022-11-14T21:39:45" hostname="MacBook-Air-2.local" time="0.017">
  <properties/>
  <testcase name="testToString" classname="it.unisa.school.ProfessorTest" time="0.017"/>
  <system-out><![CDATA[]]></system-out>
  <system-err><![CDATA[]]></system-err>
</testsuite>
