<?xml version="1.0" encoding="UTF-8"?>
<testsuite name="it.unisa.railways.TrainTest" tests="1" skipped="0" failures="0" errors="0" timestamp="2022-10-31T11:31:58" hostname="MacBook-Air.local" time="0.0">
  <properties/>
  <testcase name="testSolution" classname="it.unisa.railways.TrainTest" time="0.0"/>
  <system-out><![CDATA[]]></system-out>
  <system-err><![CDATA[]]></system-err>
</testsuite>
