<?xml version="1.0" encoding="UTF-8"?>
<testsuite name="SMS.SMSOrganizerTest" tests="2" skipped="0" failures="0" errors="0" timestamp="2022-10-29T20:27:10" hostname="MacBook-Air.local" time="0.004">
  <properties/>
  <testcase name="testListByDate" classname="SMS.SMSOrganizerTest" time="0.004"/>
  <testcase name="testListBySender" classname="SMS.SMSOrganizerTest" time="0.0"/>
  <system-out><![CDATA[]]></system-out>
  <system-err><![CDATA[]]></system-err>
</testsuite>
