<?xml version="1.0" encoding="UTF-8"?>
<testsuite name="it.unisa.bank.BankTest" tests="9" skipped="0" failures="0" errors="0" timestamp="2022-11-14T19:03:21" hostname="MacBook-Air-2.local" time="0.01">
  <properties/>
  <testcase name="transferTest" classname="it.unisa.bank.BankTest" time="0.004"/>
  <testcase name="findAccountTest" classname="it.unisa.bank.BankTest" time="0.0"/>
  <testcase name="setAndGetInterestsTest" classname="it.unisa.bank.BankTest" time="0.0"/>
  <testcase name="interestComputationTest" classname="it.unisa.bank.BankTest" time="0.0"/>
  <testcase name="withdramMoreMoneyTest" classname="it.unisa.bank.BankTest" time="0.0"/>
  <testcase name="depositTest" classname="it.unisa.bank.BankTest" time="0.0"/>
  <testcase name="depositNegativeTest" classname="it.unisa.bank.BankTest" time="0.0"/>
  <testcase name="bankAccountWithNegativeBalanceTest" classname="it.unisa.bank.BankTest" time="0.0"/>
  <testcase name="withdrawTest" classname="it.unisa.bank.BankTest" time="0.0"/>
  <system-out><![CDATA[]]></system-out>
  <system-err><![CDATA[]]></system-err>
</testsuite>
