<?xml version="1.0" encoding="UTF-8"?>
<testsuite name="it.unisa.bookshop.BookshopTest" tests="5" skipped="0" failures="0" errors="0" timestamp="2022-11-04T18:57:22" hostname="DESKTOP-5GIO2HR" time="0.011">
  <properties/>
  <testcase name="findByTitleContentTest" classname="it.unisa.bookshop.BookshopTest" time="0.007"/>
  <testcase name="readLibraryTest" classname="it.unisa.bookshop.BookshopTest" time="0.0"/>
  <testcase name="findBelowAvailabilityTest" classname="it.unisa.bookshop.BookshopTest" time="0.001"/>
  <testcase name="findMaxAvailabilityTest" classname="it.unisa.bookshop.BookshopTest" time="0.001"/>
  <testcase name="findByAuthorTest" classname="it.unisa.bookshop.BookshopTest" time="0.001"/>
  <system-out><![CDATA[]]></system-out>
  <system-err><![CDATA[]]></system-err>
</testsuite>
