<?xml version="1.0" encoding="UTF-8"?>
<testsuite name="MyPhoneCompanyTest" tests="2" skipped="0" failures="0" errors="0" timestamp="2022-10-20T16:27:24" hostname="MacBook-Air-4.local" time="0.003">
  <properties/>
  <testcase name="findUserByCodeTest" classname="MyPhoneCompanyTest" time="0.003"/>
  <testcase name="calculateTotalCostTest" classname="MyPhoneCompanyTest" time="0.0"/>
  <system-out><![CDATA[]]></system-out>
  <system-err><![CDATA[]]></system-err>
</testsuite>
