<?xml version="1.0" encoding="UTF-8"?>
<testsuite name="it.unisa.student.StudentTest" tests="4" skipped="0" failures="0" errors="0" timestamp="2022-10-26T14:45:22" hostname="MacBook-Air-4.local" time="0.005">
  <properties/>
  <testcase name="newStudentTest" classname="it.unisa.student.StudentTest" time="0.002"/>
  <testcase name="studentsOrderTest" classname="it.unisa.student.StudentTest" time="0.0"/>
  <testcase name="twoExamTest" classname="it.unisa.student.StudentTest" time="0.001"/>
  <testcase name="oneExamTest" classname="it.unisa.student.StudentTest" time="0.0"/>
  <system-out><![CDATA[]]></system-out>
  <system-err><![CDATA[]]></system-err>
</testsuite>
