<?xml version="1.0" encoding="UTF-8"?>
<testsuite name="it.unisa.medicaltests.MedicalTestListTest" tests="4" skipped="0" failures="0" errors="0" timestamp="2022-11-12T17:45:22" hostname="MacBook-Air.local" time="0.011">
  <properties/>
  <testcase name="addMedicalTest" classname="it.unisa.medicaltests.MedicalTestListTest" time="0.003"/>
  <testcase name="getMedicalTestByDoctor" classname="it.unisa.medicaltests.MedicalTestListTest" time="0.001"/>
  <testcase name="getMedicalTestByDate" classname="it.unisa.medicaltests.MedicalTestListTest" time="0.002"/>
  <testcase name="getAverageCost" classname="it.unisa.medicaltests.MedicalTestListTest" time="0.001"/>
  <system-out><![CDATA[]]></system-out>
  <system-err><![CDATA[]]></system-err>
</testsuite>
